  weapon.cpp
c:\users\gsp029\desktop\就職関連\himiya_gamelibrary\吉田学園情報ビジネス専門学校_樋宮匠\001_descend\開発環境\descend\library.h(19): fatal error C1083: include ファイルを開けません。'd3dx9.h':No such file or directory
  wav.cpp
c:\users\gsp029\desktop\就職関連\himiya_gamelibrary\吉田学園情報ビジネス専門学校_樋宮匠\001_descend\開発環境\descend\library.h(19): fatal error C1083: include ファイルを開けません。'd3dx9.h':No such file or directory
  title.cpp
c:\users\gsp029\desktop\就職関連\himiya_gamelibrary\吉田学園情報ビジネス専門学校_樋宮匠\001_descend\開発環境\descend\library.h(19): fatal error C1083: include ファイルを開けません。'd3dx9.h':No such file or directory
  sound.cpp
c:\users\gsp029\desktop\就職関連\himiya_gamelibrary\吉田学園情報ビジネス専門学校_樋宮匠\001_descend\開発環境\descend\library.h(19): fatal error C1083: include ファイルを開けません。'd3dx9.h':No such file or directory
  sight.cpp
c:\users\gsp029\desktop\就職関連\himiya_gamelibrary\吉田学園情報ビジネス専門学校_樋宮匠\001_descend\開発環境\descend\library.h(19): fatal error C1083: include ファイルを開けません。'd3dx9.h':No such file or directory
  Score.cpp
c:\users\gsp029\desktop\就職関連\himiya_gamelibrary\吉田学園情報ビジネス専門学校_樋宮匠\001_descend\開発環境\descend\library.h(19): fatal error C1083: include ファイルを開けません。'd3dx9.h':No such file or directory
  result.cpp
c:\users\gsp029\desktop\就職関連\himiya_gamelibrary\吉田学園情報ビジネス専門学校_樋宮匠\001_descend\開発環境\descend\library.h(19): fatal error C1083: include ファイルを開けません。'd3dx9.h':No such file or directory
  polygon2d.cpp
c:\users\gsp029\desktop\就職関連\himiya_gamelibrary\吉田学園情報ビジネス専門学校_樋宮匠\001_descend\開発環境\descend\library.h(19): fatal error C1083: include ファイルを開けません。'd3dx9.h':No such file or directory
  object.cpp
c:\users\gsp029\desktop\就職関連\himiya_gamelibrary\吉田学園情報ビジネス専門学校_樋宮匠\001_descend\開発環境\descend\library.h(19): fatal error C1083: include ファイルを開けません。'd3dx9.h':No such file or directory
  renderer.cpp
c:\users\gsp029\desktop\就職関連\himiya_gamelibrary\吉田学園情報ビジネス専門学校_樋宮匠\001_descend\開発環境\descend\library.h(19): fatal error C1083: include ファイルを開けません。'd3dx9.h':No such file or directory
  polygon3d.cpp
c:\users\gsp029\desktop\就職関連\himiya_gamelibrary\吉田学園情報ビジネス専門学校_樋宮匠\001_descend\開発環境\descend\library.h(19): fatal error C1083: include ファイルを開けません。'd3dx9.h':No such file or directory
  player.cpp
c:\users\gsp029\desktop\就職関連\himiya_gamelibrary\吉田学園情報ビジネス専門学校_樋宮匠\001_descend\開発環境\descend\library.h(19): fatal error C1083: include ファイルを開けません。'd3dx9.h':No such file or directory
  number.cpp
c:\users\gsp029\desktop\就職関連\himiya_gamelibrary\吉田学園情報ビジネス専門学校_樋宮匠\001_descend\開発環境\descend\library.h(19): fatal error C1083: include ファイルを開けません。'd3dx9.h':No such file or directory
  map.cpp
c:\users\gsp029\desktop\就職関連\himiya_gamelibrary\吉田学園情報ビジネス専門学校_樋宮匠\001_descend\開発環境\descend\library.h(19): fatal error C1083: include ファイルを開けません。'd3dx9.h':No such file or directory
  manager.cpp
c:\users\gsp029\desktop\就職関連\himiya_gamelibrary\吉田学園情報ビジネス専門学校_樋宮匠\001_descend\開発環境\descend\library.h(19): fatal error C1083: include ファイルを開けません。'd3dx9.h':No such file or directory
  main.cpp
c:\users\gsp029\desktop\就職関連\himiya_gamelibrary\吉田学園情報ビジネス専門学校_樋宮匠\001_descend\開発環境\descend\library.h(19): fatal error C1083: include ファイルを開けません。'd3dx9.h':No such file or directory
  magazine.cpp
c:\users\gsp029\desktop\就職関連\himiya_gamelibrary\吉田学園情報ビジネス専門学校_樋宮匠\001_descend\開発環境\descend\library.h(19): fatal error C1083: include ファイルを開けません。'd3dx9.h':No such file or directory
  life.cpp
c:\users\gsp029\desktop\就職関連\himiya_gamelibrary\吉田学園情報ビジネス専門学校_樋宮匠\001_descend\開発環境\descend\library.h(19): fatal error C1083: include ファイルを開けません。'd3dx9.h':No such file or directory
  Library.cpp
c:\users\gsp029\desktop\就職関連\himiya_gamelibrary\吉田学園情報ビジネス専門学校_樋宮匠\001_descend\開発環境\descend\library.h(19): fatal error C1083: include ファイルを開けません。'd3dx9.h':No such file or directory
  keyboard.cpp
c:\users\gsp029\desktop\就職関連\himiya_gamelibrary\吉田学園情報ビジネス専門学校_樋宮匠\001_descend\開発環境\descend\library.h(19): fatal error C1083: include ファイルを開けません。'd3dx9.h':No such file or directory
  コードを生成中...
  コンパイル中...
  item.cpp
c:\users\gsp029\desktop\就職関連\himiya_gamelibrary\吉田学園情報ビジネス専門学校_樋宮匠\001_descend\開発環境\descend\library.h(19): fatal error C1083: include ファイルを開けません。'd3dx9.h':No such file or directory
  input.cpp
c:\users\gsp029\desktop\就職関連\himiya_gamelibrary\吉田学園情報ビジネス専門学校_樋宮匠\001_descend\開発環境\descend\library.h(19): fatal error C1083: include ファイルを開けません。'd3dx9.h':No such file or directory
  game.cpp
c:\users\gsp029\desktop\就職関連\himiya_gamelibrary\吉田学園情報ビジネス専門学校_樋宮匠\001_descend\開発環境\descend\library.h(19): fatal error C1083: include ファイルを開けません。'd3dx9.h':No such file or directory
  fade.cpp
c:\users\gsp029\desktop\就職関連\himiya_gamelibrary\吉田学園情報ビジネス専門学校_樋宮匠\001_descend\開発環境\descend\library.h(19): fatal error C1083: include ファイルを開けません。'd3dx9.h':No such file or directory
  explosion.cpp
c:\users\gsp029\desktop\就職関連\himiya_gamelibrary\吉田学園情報ビジネス専門学校_樋宮匠\001_descend\開発環境\descend\library.h(19): fatal error C1083: include ファイルを開けません。'd3dx9.h':No such file or directory
  select.cpp
c:\users\gsp029\desktop\就職関連\himiya_gamelibrary\吉田学園情報ビジネス専門学校_樋宮匠\001_descend\開発環境\descend\library.h(19): fatal error C1083: include ファイルを開けません。'd3dx9.h':No such file or directory
  pause.cpp
c:\users\gsp029\desktop\就職関連\himiya_gamelibrary\吉田学園情報ビジネス専門学校_樋宮匠\001_descend\開発環境\descend\library.h(19): fatal error C1083: include ファイルを開けません。'd3dx9.h':No such file or directory
  particle.cpp
c:\users\gsp029\desktop\就職関連\himiya_gamelibrary\吉田学園情報ビジネス専門学校_樋宮匠\001_descend\開発環境\descend\library.h(19): fatal error C1083: include ファイルを開けません。'd3dx9.h':No such file or directory
  option.cpp
c:\users\gsp029\desktop\就職関連\himiya_gamelibrary\吉田学園情報ビジネス専門学校_樋宮匠\001_descend\開発環境\descend\library.h(19): fatal error C1083: include ファイルを開けません。'd3dx9.h':No such file or directory
  mic.cpp
c:\users\gsp029\desktop\就職関連\himiya_gamelibrary\吉田学園情報ビジネス専門学校_樋宮匠\001_descend\開発環境\descend\library.h(19): fatal error C1083: include ファイルを開けません。'd3dx9.h':No such file or directory
  logo.cpp
c:\users\gsp029\desktop\就職関連\himiya_gamelibrary\吉田学園情報ビジネス専門学校_樋宮匠\001_descend\開発環境\descend\library.h(19): fatal error C1083: include ファイルを開けません。'd3dx9.h':No such file or directory
  equipment.cpp
c:\users\gsp029\desktop\就職関連\himiya_gamelibrary\吉田学園情報ビジネス専門学校_樋宮匠\001_descend\開発環境\descend\library.h(19): fatal error C1083: include ファイルを開けません。'd3dx9.h':No such file or directory
  enemy.cpp
c:\users\gsp029\desktop\就職関連\himiya_gamelibrary\吉田学園情報ビジネス専門学校_樋宮匠\001_descend\開発環境\descend\library.h(19): fatal error C1083: include ファイルを開けません。'd3dx9.h':No such file or directory
  effect.cpp
c:\users\gsp029\desktop\就職関連\himiya_gamelibrary\吉田学園情報ビジネス専門学校_樋宮匠\001_descend\開発環境\descend\library.h(19): fatal error C1083: include ファイルを開けません。'd3dx9.h':No such file or directory
  combo.cpp
c:\users\gsp029\desktop\就職関連\himiya_gamelibrary\吉田学園情報ビジネス専門学校_樋宮匠\001_descend\開発環境\descend\library.h(19): fatal error C1083: include ファイルを開けません。'd3dx9.h':No such file or directory
  camera.cpp
c:\users\gsp029\desktop\就職関連\himiya_gamelibrary\吉田学園情報ビジネス専門学校_樋宮匠\001_descend\開発環境\descend\library.h(19): fatal error C1083: include ファイルを開けません。'd3dx9.h':No such file or directory
  bullet.cpp
c:\users\gsp029\desktop\就職関連\himiya_gamelibrary\吉田学園情報ビジネス専門学校_樋宮匠\001_descend\開発環境\descend\library.h(19): fatal error C1083: include ファイルを開けません。'd3dx9.h':No such file or directory
  boss.cpp
c:\users\gsp029\desktop\就職関連\himiya_gamelibrary\吉田学園情報ビジネス専門学校_樋宮匠\001_descend\開発環境\descend\library.h(19): fatal error C1083: include ファイルを開けません。'd3dx9.h':No such file or directory
  block.cpp
c:\users\gsp029\desktop\就職関連\himiya_gamelibrary\吉田学園情報ビジネス専門学校_樋宮匠\001_descend\開発環境\descend\library.h(19): fatal error C1083: include ファイルを開けません。'd3dx9.h':No such file or directory
  bg.cpp
c:\users\gsp029\desktop\就職関連\himiya_gamelibrary\吉田学園情報ビジネス専門学校_樋宮匠\001_descend\開発環境\descend\library.h(19): fatal error C1083: include ファイルを開けません。'd3dx9.h':No such file or directory
  コードを生成中...
